<?xml version="1.0" encoding="UTF-8"?>
<!-- Generated by org.testng.reporters.JUnitReportReporter -->
<testsuite skipped="0" hostname="ozma" name="com.employeesapi.testcases.TC002_Get_Single_Emp_Rec" tests="7" failures="0" timestamp="03 Jan 2020 16:14:22 GMT" time="0.019" errors="0">
  <testcase name="checkResponseTime" time="0.001" classname="com.employeesapi.testcases.TC002_Get_Single_Emp_Rec"/>
  <testcase name="checkContentType" time="0.002" classname="com.employeesapi.testcases.TC002_Get_Single_Emp_Rec"/>
  <testcase name="checkContentLength" time="0.007" classname="com.employeesapi.testcases.TC002_Get_Single_Emp_Rec"/>
  <testcase name="checkStatusCode" time="0.002" classname="com.employeesapi.testcases.TC002_Get_Single_Emp_Rec"/>
  <testcase name="checkStatusLine" time="0.002" classname="com.employeesapi.testcases.TC002_Get_Single_Emp_Rec"/>
  <testcase name="checkserverType" time="0.002" classname="com.employeesapi.testcases.TC002_Get_Single_Emp_Rec"/>
  <testcase name="checkResponseBody" time="0.003" classname="com.employeesapi.testcases.TC002_Get_Single_Emp_Rec"/>
</testsuite> <!-- com.employeesapi.testcases.TC002_Get_Single_Emp_Rec -->
